[17:40:46] [main/INFO]: Loading Minecraft 1.21.11 with Fabric Loader 0.18.2
[17:40:46] [main/INFO]: Loading 49 mods:
	- carpet 1.4.194+v251223
	- cloth-config 21.11.153
	   \-- cloth-basic-math 0.6.1
	- fabric-api 0.141.3+1.21.11
	   |-- fabric-api-base 1.0.5+4ebb5c083e
	   |-- fabric-api-lookup-api-v1 1.6.114+20dc27073e
	   |-- fabric-biome-api-v1 17.1.1+4fc5413f3e
	   |-- fabric-block-api-v1 1.1.10+4ebb5c083e
	   |-- fabric-block-view-api-v2 1.0.39+4ebb5c083e
	   |-- fabric-command-api-v2 2.4.7+6b42a6003e
	   |-- fabric-content-registries-v0 10.2.14+4fc5413f3e
	   |-- fabric-convention-tags-v1 2.1.55+7f945d5b3e
	   |-- fabric-convention-tags-v2 2.17.3+8ef948ba3e
	   |-- fabric-crash-report-info-v1 0.3.23+4ebb5c083e
	   |-- fabric-data-attachment-api-v1 1.8.47+eed0806f3e
	   |-- fabric-data-generation-api-v1 23.4.0+69974c4e3e
	   |-- fabric-dimensions-v1 4.0.28+4fc5413f3e
	   |-- fabric-entity-events-v1 3.1.1+1d0ab4303e
	   |-- fabric-events-interaction-v0 4.1.0+3b89ecf63e
	   |-- fabric-game-rule-api-v1 2.0.3+4fc5413f3e
	   |-- fabric-item-api-v1 11.5.20+d0c46b9e3e
	   |-- fabric-item-group-api-v1 4.2.36+4fc5413f3e
	   |-- fabric-key-binding-api-v1 1.1.7+4fc5413f3e
	   |-- fabric-lifecycle-events-v1 2.6.15+4ebb5c083e
	   |-- fabric-loot-api-v2 3.0.73+3f89f5a53e
	   |-- fabric-loot-api-v3 2.0.20+78c8b4663e
	   |-- fabric-message-api-v1 6.1.12+4ebb5c083e
	   |-- fabric-model-loading-api-v1 6.0.15+4fc5413f3e
	   |-- fabric-networking-api-v1 5.1.5+ae1e07683e
	   |-- fabric-object-builder-api-v1 21.1.39+4fc5413f3e
	   |-- fabric-particles-v1 4.2.11+4fc5413f3e
	   |-- fabric-recipe-api-v1 8.2.3+4ebb5c083e
	   |-- fabric-registry-sync-v0 6.2.5+1718722b3e
	   |-- fabric-renderer-api-v1 8.0.3+f4ffd2e53e
	   |-- fabric-renderer-indigo 5.0.3+f4ffd2e53e
	   |-- fabric-rendering-fluids-v1 3.1.43+4ebb5c083e
	   |-- fabric-rendering-v1 16.2.10+0290ad933e
	   |-- fabric-resource-conditions-api-v1 5.0.35+4fc5413f3e
	   |-- fabric-resource-loader-v0 3.3.4+4fc5413f3e
	   |-- fabric-resource-loader-v1 1.0.10+78c8b4663e
	   |-- fabric-screen-api-v1 3.1.7+4ebb5c083e
	   |-- fabric-screen-handler-api-v1 1.3.161+4fc5413f3e
	   |-- fabric-serialization-api-v1 1.0.5+4ebb5c083e
	   |-- fabric-sound-api-v1 1.0.51+4fc5413f3e
	   |-- fabric-tag-api-v1 1.2.20+4fc5413f3e
	   |-- fabric-transfer-api-v1 6.0.25+4fc5413f3e
	   \-- fabric-transitive-access-wideners-v1 7.1.0+014c8cec3e
	- fabricloader 0.18.2
	   \-- mixinextras 0.5.0
	- ferritecore 8.2.0
	- java 21
	- lithium 0.21.4+mc1.21.11
	- minecraft 1.21.11
	- nochatreports 1.21.11-v2.18.0
	- skinrestorer 2.7.0+1.21.11-fabric
	   \-- org_mineskin_java-client 3.2.1-SNAPSHOT
[17:40:46] [main/INFO]: SpongePowered MIXIN Subsystem Version=0.8.7 Source=file:/workspaces/vigilant-journey/servidor_minecraft/libraries/net/fabricmc/sponge-mixin/0.16.5+mixin.0.8.7/sponge-mixin-0.16.5+mixin.0.8.7.jar Service=Knot/Fabric Env=SERVER
[17:40:46] [main/INFO]: Compatibility level set to JAVA_17
[17:40:47] [main/INFO]: Compatibility level set to JAVA_21
[17:40:47] [main/INFO]: Loaded configuration file for Lithium: 171 options available, 0 override(s) found.
[17:40:47] [main/WARN]: Reference map 'nochatreports.refmap.json' for mixins/common/nochatreports.mixins.json could not be read. If this is a development environment you can ignore this message
[17:40:47] [main/WARN]: Reference map 'skinrestorer.refmap.json' for skinrestorer.mixins.json could not be read. If this is a development environment you can ignore this message
[17:40:47] [main/WARN]: Reference map 'skinrestorer.refmap.json' for skinrestorer.fabric.mixins.json could not be read. If this is a development environment you can ignore this message
[17:40:48] [main/INFO]: Initializing MixinExtras via com.llamalad7.mixinextras.service.MixinExtrasServiceImpl(version=0.5.0).
[17:41:00] [main/INFO]: Environment: Environment[sessionHost=https://sessionserver.mojang.com, servicesHost=https://api.minecraftservices.com, profilesHost=https://api.mojang.com, name=PROD]
[17:41:04] [main/INFO]: Loaded 1470 recipes
[17:41:04] [main/INFO]: Loaded 1584 advancements
[17:41:04] [main/INFO]: Applied 0 biome modifications to 0 of 65 new biomes in 3.153 ms
[17:41:04] [Server thread/INFO]: Starting minecraft server version 1.21.11
[17:41:04] [Server thread/INFO]: Loading properties
[17:41:04] [Server thread/INFO]: Default game type: SURVIVAL
[17:41:04] [Server thread/INFO]: Generating keypair
[17:41:04] [Server thread/INFO]: Starting Minecraft server on *:25565
[17:41:04] [Server thread/WARN]: **** SERVER IS RUNNING IN OFFLINE/INSECURE MODE!
[17:41:04] [Server thread/WARN]: The server will make no attempt to authenticate usernames. Beware.
[17:41:04] [Server thread/WARN]: While this makes the game possible to play without internet access, it also opens up the ability for hackers to connect with any username they choose.
[17:41:04] [Server thread/WARN]: To change this, set "online-mode" to "true" in the server.properties file.
[17:41:04] [Server thread/INFO]: Preparing level "world"
[17:41:05] [Server thread/INFO]: Loading 0 persistent chunks...
[17:41:05] [Server thread/INFO]: Preparing spawn area: 100%
[17:41:05] [Server thread/INFO]: Time elapsed: 53 ms
[17:41:05] [Server thread/INFO]: Done (0.868s)! For help, type "help"
[17:41:16] [Server thread/INFO]: MrGameBlaze[/100.119.50.77:58617] logged in with entity id 121 at (-533.5, 78.0, -1561.5)
[17:41:16] [Server thread/INFO]: MrGameBlaze joined the game
[17:41:16] [Server thread/INFO]: MrGameBlaze has made the advancement [Cover Me with Diamonds]
[17:41:21] [Server thread/INFO]: Player MrGameBlaze joined with a matching carpet client
[17:41:48] [Server thread/INFO]: MrGameBlaze has made the advancement [What a Deal!]
[17:50:04] [Server thread/INFO]: MrGameBlaze has made the advancement [Sweet Dreams]
[17:55:45] [Server thread/INFO]: MrGameBlaze lost connection: Disconnected
[17:55:45] [Server thread/INFO]: MrGameBlaze left the game
[17:55:51] [Server thread/INFO]: Stopping the server
[17:55:51] [Server thread/INFO]: Stopping server
[17:55:51] [Server thread/INFO]: Saving players
[17:55:51] [Server thread/INFO]: Saving worlds
[17:55:51] [Server thread/INFO]: Saving chunks for level 'ServerLevel[world]'/minecraft:overworld
[17:55:51] [Server thread/INFO]: Saving chunks for level 'ServerLevel[world]'/minecraft:the_end
[17:55:51] [Server thread/INFO]: Saving chunks for level 'ServerLevel[world]'/minecraft:the_nether
[17:55:51] [Server thread/INFO]: ThreadedAnvilChunkStorage (world): All chunks are saved
[17:55:51] [Server thread/INFO]: ThreadedAnvilChunkStorage (DIM1): All chunks are saved
[17:55:51] [Server thread/INFO]: ThreadedAnvilChunkStorage (DIM-1): All chunks are saved
[17:55:51] [Server thread/INFO]: ThreadedAnvilChunkStorage: All dimensions are saved
